<?xml version="1.0" encoding="UTF-8"?>
<!-- Generated by org.testng.reporters.JUnitReportReporter -->
<testsuite hostname="Admin-PC" name="Runner.test" tests="1" failures="0" timestamp="29 Apr 2022 13:07:02 GMT" time="0.009" errors="0">
  <testcase name="prw" time="0.009" classname="Runner.test"/>
</testsuite> <!-- Runner.test -->
